0 info it worked if it ends with ok
1 verbose cli [ '/usr/bin/nodejs', '/usr/bin/npm', 'install', 'js-bson' ]
2 info using npm@1.3.10
3 info using node@v0.10.25
4 verbose readDependencies using package.json deps
5 verbose cache add [ 'js-bson', null ]
6 verbose cache add name=undefined spec="js-bson" args=["js-bson",null]
7 verbose parsed url { protocol: null,
7 verbose parsed url   slashes: null,
7 verbose parsed url   auth: null,
7 verbose parsed url   host: null,
7 verbose parsed url   port: null,
7 verbose parsed url   hostname: null,
7 verbose parsed url   hash: null,
7 verbose parsed url   search: null,
7 verbose parsed url   query: null,
7 verbose parsed url   pathname: 'js-bson',
7 verbose parsed url   path: 'js-bson',
7 verbose parsed url   href: 'js-bson' }
8 silly lockFile 39987484-js-bson js-bson
9 verbose lock js-bson /home/chanra/.npm/39987484-js-bson.lock
10 silly lockFile 39987484-js-bson js-bson
11 silly lockFile 39987484-js-bson js-bson
12 verbose addNamed [ 'js-bson', '' ]
13 verbose addNamed [ null, '*' ]
14 silly lockFile a5c0f890-js-bson js-bson@
15 verbose lock js-bson@ /home/chanra/.npm/a5c0f890-js-bson.lock
16 silly addNameRange { name: 'js-bson', range: '*', hasData: false }
17 verbose url raw js-bson
18 verbose url resolving [ 'https://registry.npmjs.org/', './js-bson' ]
19 verbose url resolved https://registry.npmjs.org/js-bson
20 info trying registry request attempt 1 at 09:13:04
21 http GET https://registry.npmjs.org/js-bson
22 http 404 https://registry.npmjs.org/js-bson
23 silly registry.get cb [ 404,
23 silly registry.get   { 'content-type': 'application/json',
23 silly registry.get     'cache-control': 'max-age=0',
23 silly registry.get     'content-length': '2',
23 silly registry.get     'accept-ranges': 'bytes',
23 silly registry.get     date: 'Mon, 11 Jul 2016 02:13:07 GMT',
23 silly registry.get     via: '1.1 varnish',
23 silly registry.get     age: '0',
23 silly registry.get     connection: 'keep-alive',
23 silly registry.get     'x-served-by': 'cache-hkg6822-HKG',
23 silly registry.get     'x-cache': 'MISS',
23 silly registry.get     'x-cache-hits': '0',
23 silly registry.get     'x-timer': 'S1468203186.198001,VS0,VE807',
23 silly registry.get     vary: 'Accept-Encoding' } ]
24 silly addNameRange number 2 { name: 'js-bson', range: '*', hasData: true }
25 silly addNameRange versions [ undefined, [] ]
26 error TypeError: Cannot read property 'latest' of undefined
26 error     at next (/usr/share/npm/lib/cache.js:687:35)
26 error     at /usr/share/npm/lib/cache.js:675:5
26 error     at saved (/usr/share/npm/node_modules/npm-registry-client/lib/get.js:142:7)
26 error     at /usr/lib/nodejs/graceful-fs/polyfills.js:133:7
26 error     at Object.oncomplete (fs.js:107:15)
27 error If you need help, you may report this log at:
27 error     <http://github.com/isaacs/npm/issues>
27 error or email it to:
27 error     <npm-@googlegroups.com>
28 error System Linux 3.19.0-64-generic
29 error command "/usr/bin/nodejs" "/usr/bin/npm" "install" "js-bson"
30 error cwd /home/chanra/Desktop/rabbit-core
31 error node -v v0.10.25
32 error npm -v 1.3.10
33 error type non_object_property_load
34 verbose exit [ 1, true ]
